16:02:53.176 From karate-config file 
16:02:53.270 [print] {
  "id": "101",
  "tool": {
    "name": "Karate",
    "version": "0.9.6"
  }
}

16:02:53.285 [print] 101
16:02:53.333 [print] Karate
16:02:53.333 after scenario inside config 
16:02:53.348 From karate-config file 
16:02:54.114 [print] Success
16:02:54.114 after scenario inside config 
16:02:54.130 From karate-config file 
16:02:54.286 request:
1 > POST http://192.168.1.62:8082/topics/shubh
1 > Accept: application/vnd.kafka.v2+json
1 > Accept-Encoding: gzip,deflate
1 > Connection: Keep-Alive
1 > Content-Length: 92
1 > Content-Type: application/vnd.kafka.json.v2+json; charset=UTF-8
1 > Host: 192.168.1.62:8082
1 > User-Agent: Apache-HttpClient/4.5.12 (Java/1.8.0_251)
{"records":[{"key":"key3","value":"karate"},{"value":"val3","partition":0},{"value":123.3}]}

16:02:54.301 response time in milliseconds: 8.84
1 < 200
1 < Content-Type: application/vnd.kafka.v2+json
1 < Date: Fri, 05 Feb 2021 10:32:55 GMT
1 < Vary: Accept-Encoding, User-Agent
{"offsets":[{"partition":0,"offset":9,"error_code":null,"error":null},{"partition":0,"offset":10,"error_code":null,"error":null},{"partition":0,"offset":11,"error_code":null,"error":null}],"key_schema_id":null,"value_schema_id":null}

16:02:54.301 [print] {
  "offsets": [
    {
      "partition": 0,
      "offset": 9,
      "error_code": null,
      "error": null
    },
    {
      "partition": 0,
      "offset": 10,
      "error_code": null,
      "error": null
    },
    {
      "partition": 0,
      "offset": 11,
      "error_code": null,
      "error": null
    }
  ],
  "value_schema_id": null,
  "key_schema_id": null
}

16:02:54.301 after scenario inside config 
16:02:54.301 From karate-config file 
16:02:54.301 [print] Basic YWRtaW46YWRtaW4=
16:02:54.317 request:
1 > GET http://192.168.1.62:8161/api/jolokia
1 > Accept-Encoding: gzip,deflate
1 > Authorization: Basic YWRtaW46YWRtaW4=
1 > Connection: Keep-Alive
1 > Host: 192.168.1.62:8161
1 > User-Agent: Apache-HttpClient/4.5.12 (Java/1.8.0_251)

16:02:54.317 response time in milliseconds: 3.41
1 < 200
1 < Cache-Control: no-cache
1 < Content-Type: text/plain;charset=utf-8
1 < Date: Fri, 05 Feb 2021 10:32:55 GMT
1 < Expires: Fri, 05 Feb 2021 09:32:55 GMT
1 < Pragma: no-cache
1 < Server: Jetty(9.4.35.v20201120)
1 < Transfer-Encoding: chunked
1 < X-Content-Type-Options: nosniff
1 < X-FRAME-OPTIONS: SAMEORIGIN
1 < X-XSS-Protection: 1; mode=block
{"error_type":"java.lang.Exception","error":"java.lang.Exception : Origin null is not allowed to call this agent","status":403}

16:02:54.317 [print] json
16:02:54.317 assertion failed: path: $.value.agent, actual: null, expected: '1.3.4', reason: actual json-path does not exist
16:02:54.317 after scenario inside config 
16:02:54.442 From karate-config file 
16:02:54.442 request:
1 > GET http://192.168.1.62:8082/topics/rest123
1 > Accept-Encoding: gzip,deflate
1 > Connection: Keep-Alive
1 > Host: 192.168.1.62:8082
1 > User-Agent: Apache-HttpClient/4.5.12 (Java/1.8.0_251)

16:02:54.442 response time in milliseconds: 5.42
1 < 404
1 < Content-Length: 80
1 < Content-Type: application/vnd.kafka.v2+json
1 < Date: Fri, 05 Feb 2021 10:32:55 GMT
{"error_code":40403,"message":"This server does not host this topic-partition."}

16:02:54.458 [print] {
  "error_code": 40403,
  "message": "This server does not host this topic-partition."
}

16:02:54.458 after scenario inside config 
16:02:54.458 From karate-config file 
16:02:54.473 request:
1 > POST https://www.w3schools.com/xml/tempconvert.asmx
1 > Accept-Encoding: gzip,deflate
1 > Connection: Keep-Alive
1 > Content-Length: 335
1 > Content-Type: text/xml; charset=UTF-8
1 > Host: www.w3schools.com
1 > SOAPAction: https://www.w3schools.com/xml/CelsiusToFahrenheit
1 > User-Agent: Apache-HttpClient/4.5.12 (Java/1.8.0_251)
<soap:Envelope xmlns:soap="http://schemas.xmlsoap.org/soap/envelope/" xmlns:xsd="http://www.w3.org/2001/XMLSchema" xmlns:xsi="http://www.w3.org/2001/XMLSchema-instance">
  <soap:Body>
    <CelsiusToFahrenheit xmlns="https://www.w3schools.com/xml/">
<Celsius>37</Celsius>
    </CelsiusToFahrenheit>
  </soap:Body>
</soap:Envelope>

16:02:54.770 response time in milliseconds: 304.57
1 < 200
1 < Cache-Control: private, max-age=0,public
1 < Content-Type: text/xml; charset=utf-8
1 < Date: Fri, 05 Feb 2021 10:24:44 GMT
1 < Server: Microsoft-IIS/7.5
1 < Vary: Accept-Encoding
1 < X-AspNet-Version: 4.0.30319
1 < X-Frame-Options: SAMEORIGIN
1 < X-Powered-By: ASP.NET
<?xml version="1.0" encoding="utf-8"?><soap:Envelope xmlns:soap="http://schemas.xmlsoap.org/soap/envelope/" xmlns:xsi="http://www.w3.org/2001/XMLSchema-instance" xmlns:xsd="http://www.w3.org/2001/XMLSchema"><soap:Body><CelsiusToFahrenheitResponse xmlns="https://www.w3schools.com/xml/"><CelsiusToFahrenheitResult>98.6</CelsiusToFahrenheitResult></CelsiusToFahrenheitResponse></soap:Body></soap:Envelope>

16:02:54.785 [print] [
  "Microsoft-IIS/7.5"
]

16:02:54.785 [print] Microsoft-IIS/7.5
16:02:54.785 [print] xml
16:02:54.785 [print] <soap:Envelope xmlns:soap="http://schemas.xmlsoap.org/soap/envelope/" xmlns:xsd="http://www.w3.org/2001/XMLSchema" xmlns:xsi="http://www.w3.org/2001/XMLSchema-instance">
  <soap:Body>
    <CelsiusToFahrenheitResponse xmlns="https://www.w3schools.com/xml/">
      <CelsiusToFahrenheitResult>98.6</CelsiusToFahrenheitResult>
    </CelsiusToFahrenheitResponse>
  </soap:Body>
</soap:Envelope>

16:02:54.802 [print] 305
16:02:54.802 [print] 200
16:02:54.802 [print] false
16:02:54.802 [print] true
16:02:54.802 after scenario inside config 
16:02:54.802 From karate-config file 
16:02:54.802 [print] 123
16:02:54.817 33 
16:02:54.817 after scenario inside config 
16:02:54.833 request:
1 > POST https://www.w3schools.com/xml/tempconvert.asmx/CelsiusToFahrenheit
1 > Accept-Encoding: gzip,deflate
1 > Connection: Keep-Alive
1 > Content-Length: 10
1 > Content-Type: application/x-www-form-urlencoded; charset=UTF-8
1 > Host: www.w3schools.com
1 > User-Agent: Apache-HttpClient/4.5.12 (Java/1.8.0_251)
Celsius=37

16:02:55.129 response time in milliseconds: 294.55
1 < 200
1 < Cache-Control: private, max-age=0,public
1 < Content-Type: text/xml; charset=utf-8
1 < Date: Fri, 05 Feb 2021 10:24:44 GMT
1 < Server: Microsoft-IIS/7.5
1 < Vary: Accept-Encoding
1 < X-AspNet-Version: 4.0.30319
1 < X-Frame-Options: SAMEORIGIN
1 < X-Powered-By: ASP.NET
<?xml version="1.0" encoding="utf-8"?>
<string xmlns="https://www.w3schools.com/xml/">98.6</string>

16:02:55.145 [print] {
  "Cache-Control": [
    "private, max-age=0,public"
  ],
  "Content-Type": [
    "text/xml; charset=utf-8"
  ],
  "Date": [
    "Fri, 05 Feb 2021 10:24:44 GMT"
  ],
  "Server": [
    "Microsoft-IIS/7.5"
  ],
  "Vary": [
    "Accept-Encoding"
  ],
  "X-AspNet-Version": [
    "4.0.30319"
  ],
  "X-Frame-Options": [
    "SAMEORIGIN"
  ],
  "X-Powered-By": [
    "ASP.NET"
  ]
}

16:02:55.145 [print] xml
16:02:55.145 [print] 295
16:02:55.145 [print] <string xmlns="https://www.w3schools.com/xml/">98.6</string>

