16:02:53.176 From karate-config file 
16:02:53.364 after scenario inside config 
16:02:53.379 From karate-config file 
16:02:53.379 [print] c =  30.0
16:02:53.379 end of the test 
16:02:53.379 after scenario inside config 
16:02:53.489 From karate-config file 
16:02:53.942 request:
1 > GET https://reqres.in/api/users?page=2
1 > Accept-Encoding: gzip,deflate
1 > Connection: Keep-Alive
1 > Host: reqres.in
1 > User-Agent: Apache-HttpClient/4.5.12 (Java/1.8.0_251)

16:02:54.348 response time in milliseconds: 407.43
1 < 200
1 < Access-Control-Allow-Origin: *
1 < Age: 3470
1 < CF-Cache-Status: HIT
1 < CF-RAY: 61cbf8606b30a976-SIN
1 < Cache-Control: max-age=14400
1 < Connection: keep-alive
1 < Content-Type: application/json; charset=utf-8
1 < Date: Fri, 05 Feb 2021 10:32:55 GMT
1 < Etag: W/"406-ut0vzoCuidvyMf8arZpMpJ6ZRDw"
1 < Expect-CT: max-age=604800, report-uri="https://report-uri.cloudflare.com/cdn-cgi/beacon/expect-ct"
1 < NEL: {"report_to":"cf-nel","max_age":604800}
1 < Report-To: {"group":"cf-nel","endpoints":[{"url":"https:\/\/a.nel.cloudflare.com\/report?s=0v5y65qp4taZ6ZNQ60rBrSMqIN5Jk0K5KQ7U7HHX%2FpDARkUIfTkHtpWVVbap5DtB9YIp%2FifR34O0CQRd5tcg34kxEfDb4VYTq0k%3D"}],"max_age":604800}
1 < Server: cloudflare
1 < Set-Cookie: __cfduid=d9094ce35aac2b957baa21c964fdecd6c1612521175; expires=Sun, 07-Mar-21 10:32:55 GMT; path=/; domain=.reqres.in; HttpOnly; SameSite=Lax; Secure
1 < Transfer-Encoding: chunked
1 < Vary: Accept-Encoding
1 < Via: 1.1 vegur
1 < X-Powered-By: Express
1 < cf-request-id: 08135990430000a9763d074000000001
{"page":2,"per_page":6,"total":12,"total_pages":2,"data":[{"id":7,"email":"michael.lawson@reqres.in","first_name":"Michael","last_name":"Lawson","avatar":"https://reqres.in/img/faces/7-image.jpg"},{"id":8,"email":"lindsay.ferguson@reqres.in","first_name":"Lindsay","last_name":"Ferguson","avatar":"https://reqres.in/img/faces/8-image.jpg"},{"id":9,"email":"tobias.funke@reqres.in","first_name":"Tobias","last_name":"Funke","avatar":"https://reqres.in/img/faces/9-image.jpg"},{"id":10,"email":"byron.fields@reqres.in","first_name":"Byron","last_name":"Fields","avatar":"https://reqres.in/img/faces/10-image.jpg"},{"id":11,"email":"george.edwards@reqres.in","first_name":"George","last_name":"Edwards","avatar":"https://reqres.in/img/faces/11-image.jpg"},{"id":12,"email":"rachel.howell@reqres.in","first_name":"Rachel","last_name":"Howell","avatar":"https://reqres.in/img/faces/12-image.jpg"}],"support":{"url":"https://reqres.in/#support-heading","text":"To keep ReqRes free, contributions towards server costs are appreciated!"}}

16:02:54.348 [print] {
  "per_page": 6,
  "total": 12,
  "data": [
    {
      "last_name": "Lawson",
      "id": 7,
      "avatar": "https://reqres.in/img/faces/7-image.jpg",
      "first_name": "Michael",
      "email": "michael.lawson@reqres.in"
    },
    {
      "last_name": "Ferguson",
      "id": 8,
      "avatar": "https://reqres.in/img/faces/8-image.jpg",
      "first_name": "Lindsay",
      "email": "lindsay.ferguson@reqres.in"
    },
    {
      "last_name": "Funke",
      "id": 9,
      "avatar": "https://reqres.in/img/faces/9-image.jpg",
      "first_name": "Tobias",
      "email": "tobias.funke@reqres.in"
    },
    {
      "last_name": "Fields",
      "id": 10,
      "avatar": "https://reqres.in/img/faces/10-image.jpg",
      "first_name": "Byron",
      "email": "byron.fields@reqres.in"
    },
    {
      "last_name": "Edwards",
      "id": 11,
      "avatar": "https://reqres.in/img/faces/11-image.jpg",
      "first_name": "George",
      "email": "george.edwards@reqres.in"
    },
    {
      "last_name": "Howell",
      "id": 12,
      "avatar": "https://reqres.in/img/faces/12-image.jpg",
      "first_name": "Rachel",
      "email": "rachel.howell@reqres.in"
    }
  ],
  "page": 2,
  "total_pages": 2,
  "support": {
    "text": "To keep ReqRes free, contributions towards server costs are appreciated!",
    "url": "https://reqres.in/#support-heading"
  }
}

16:02:54.348 after scenario inside config 
16:02:54.379 From karate-config file 
16:02:54.395 [print] Basic YWRtaW46YWRtaW4=
16:02:54.410 request:
1 > POST http://192.168.1.62:8161/api/message?destination=queue%3A%2F%2Forder1.input
1 > Accept-Encoding: gzip,deflate
1 > Authorization: Basic YWRtaW46YWRtaW4=
1 > Connection: Keep-Alive
1 > Content-Length: 16
1 > Content-Type: text/plain; charset=UTF-8
1 > Host: 192.168.1.62:8161
1 > User-Agent: Apache-HttpClient/4.5.12 (Java/1.8.0_251)
Hi, Karate - JMS

16:02:54.458 response time in milliseconds: 50.10
1 < 200
1 < Content-Length: 12
1 < Date: Fri, 05 Feb 2021 10:32:55 GMT
1 < Expires: Thu, 01 Jan 1970 00:00:00 GMT
1 < Server: Jetty(9.4.35.v20201120)
1 < Set-Cookie: JSESSIONID=node01wt7h7mv4q4lw1bqz8f5z3s24p117.node0; Path=/api; HttpOnly
1 < X-Content-Type-Options: nosniff
1 < X-FRAME-OPTIONS: SAMEORIGIN
1 < X-XSS-Protection: 1; mode=block
1 < messageID: ID:palmeto-38209-1612437157326-4:104:1:1:1

16:02:54.458 [print] {
  "JSESSIONID": {
    "name": "JSESSIONID",
    "value": "node01wt7h7mv4q4lw1bqz8f5z3s24p117.node0",
    "domain": "192.168.1.62",
    "path": "/api",
    "persistent": "false",
    "secure": "false"
  }
}

16:02:54.458 [print] {
  "name": "JSESSIONID",
  "value": "node01wt7h7mv4q4lw1bqz8f5z3s24p117.node0",
  "domain": "192.168.1.62",
  "path": "/api",
  "persistent": "false",
  "secure": "false"
}

16:02:54.536 request:
2 > GET http://192.168.1.62:8161/api/message/order1.input?type=queue
2 > Accept: text/html,application/xhtml+xml,application/xml;q=0.9,image/avif,image/webp,image/apng,*/*;q=0.8,application/signed-exchange;v=b3;q=0.9
2 > Accept-Encoding: gzip, deflate
2 > Accept-Language: en-US,en;q=0.9
2 > Authorization: Basic YWRtaW46YWRtaW4=
2 > Cache-Control: max-age=0
2 > Connection: Keep-Alive
2 > Cookie: JSESSIONID=node01wt7h7mv4q4lw1bqz8f5z3s24p117.node0
2 > Host: 192.168.1.62:8161
2 > Upgrade-Insecure-Requests: 1
2 > User-Agent: Mozilla/5.0 (Windows NT 10.0; Win64; x64) AppleWebKit/537.36 (KHTML, like Gecko) Chrome/87.0.4280.88 Safari/537.36

16:03:14.551 response time in milliseconds: 20017.64
2 < 204
2 < Date: Fri, 05 Feb 2021 10:32:55 GMT
2 < Server: Jetty(9.4.35.v20201120)
2 < X-Content-Type-Options: nosniff
2 < X-FRAME-OPTIONS: SAMEORIGIN
2 < X-XSS-Protection: 1; mode=block

16:03:14.551 status code was: 204, expected: 200, response time: 20018, url: http://192.168.1.62:8161/api/message/order1.input?type=queue, response: 
16:03:14.551 after scenario inside config 
